imkortam created new database kortam in Mon Feb 14 21:24:04 EET 2022
imkortam show databases in Mon Feb 14 21:24:09 EET 2022
imkortam show databases in Mon Feb 14 21:24:09 EET 2022
imkortam use  databases in Mon Feb 14 21:24:17 EET 2022
imkortam use  databases in Mon Feb 14 21:25:53 EET 2022
imkortam use  databases in Mon Feb 14 21:27:25 EET 2022
imkortam show databases in Mon Feb 14 21:27:36 EET 2022
imkortam show databases in Mon Feb 14 21:27:36 EET 2022
imkortam use  databases in Mon Feb 14 21:27:40 EET 2022
imkortam use  databases in Mon Feb 14 21:27:46 EET 2022
imkortam show databases in Mon Feb 14 21:36:04 EET 2022
imkortam show databases in Mon Feb 14 21:36:04 EET 2022
imkortam show databases in Mon Feb 14 21:37:03 EET 2022
imkortam show databases in Mon Feb 14 21:37:03 EET 2022
imkortam show databases in Mon Feb 14 21:37:27 EET 2022
imkortam show databases in Mon Feb 14 21:37:27 EET 2022
imkortam show databases in Mon Feb 14 21:37:58 EET 2022
imkortam show databases in Mon Feb 14 21:37:58 EET 2022
imkortam show databases in Mon Feb 14 21:39:14 EET 2022
imkortam show databases in Mon Feb 14 21:39:14 EET 2022
imkortam show databases in Mon Feb 14 21:39:28 EET 2022
imkortam show databases in Mon Feb 14 21:39:28 EET 2022
imkortam show databases in Mon Feb 14 21:39:43 EET 2022
imkortam show databases in Mon Feb 14 21:39:43 EET 2022
imkortam show databases in Mon Feb 14 21:40:04 EET 2022
imkortam show databases in Mon Feb 14 21:40:04 EET 2022
imkortam show databases in Mon Feb 14 21:41:02 EET 2022
imkortam show databases in Mon Feb 14 21:41:02 EET 2022
imkortam show databases in Mon Feb 14 21:42:11 EET 2022
imkortam show databases in Mon Feb 14 21:42:11 EET 2022
imkortam show databases in Mon Feb 14 21:43:07 EET 2022
imkortam show databases in Mon Feb 14 21:43:07 EET 2022
imkortam show databases in Mon Feb 14 21:43:44 EET 2022
imkortam show databases in Mon Feb 14 21:43:44 EET 2022
imkortam show databases in Mon Feb 14 21:44:04 EET 2022
imkortam show databases in Mon Feb 14 21:44:04 EET 2022
imkortam show databases in Mon Feb 14 21:45:29 EET 2022
imkortam show databases in Mon Feb 14 21:45:29 EET 2022
imkortam use  databases in Mon Feb 14 21:46:01 EET 2022
imkortam use  databases in Mon Feb 14 21:46:09 EET 2022
imkortam use  databases in Mon Feb 14 22:01:23 EET 2022
imkortam use  databases in Mon Feb 14 22:02:14 EET 2022
imkortam use  databases in Mon Feb 14 22:04:50 EET 2022
imkortam viewed tables of "kortam" in Mon Feb 14 22:10:25 EET 2022
imkortam show databases in Mon Feb 14 22:11:16 EET 2022
imkortam show databases in Mon Feb 14 22:11:16 EET 2022
imkortam use  databases in Mon Feb 14 22:11:22 EET 2022
imkortam viewed tables of "ahmed" in Mon Feb 14 22:11:27 EET 2022
imkortam use  databases in Mon Feb 14 22:12:23 EET 2022
imkortam viewed tables of "kortam" in Mon Feb 14 22:12:27 EET 2022
imkortam viewed tables of "kortam" in Mon Feb 14 22:15:46 EET 2022
imkortam use  databases in Mon Feb 14 22:16:18 EET 2022
imkortam viewed tables of "ahmed" in Mon Feb 14 22:16:30 EET 2022
imkortam use  databases in Mon Feb 14 22:20:27 EET 2022
imkortam viewed tables of "kortam" in Mon Feb 14 22:20:35 EET 2022
